<?xml version="1.0" encoding="UTF-8"?>
<!-- Generated by org.testng.reporters.JUnitReportReporter -->
<testsuite hostname="Admin-PC" name="EditProfileTest" tests="1" failures="0" timestamp="22 Jul 2020 10:16:04 GMT" time="57.910" errors="0">
  <testcase name="verifyEditProfileTest" time="57.910" classname="EditProfileTest"/>
</testsuite> <!-- EditProfileTest -->
